<?xml version="1.0" encoding="UTF-8"?>
<!-- Generated by org.testng.reporters.JUnitReportReporter -->
<testsuite skipped="0" hostname="LNAR-PF0U6F79" name="com.crm.qa.testcases.LoginPageTest" tests="3" failures="0" timestamp="28 Oct 2019 20:34:16 GMT" time="25.573" errors="0">
  <testcase name="loginPageTitleTest" time="7.675" classname="com.crm.qa.testcases.LoginPageTest"/>
  <testcase name="crmLogoImageTest" time="8.101" classname="com.crm.qa.testcases.LoginPageTest"/>
  <testcase name="loginTest" time="9.797" classname="com.crm.qa.testcases.LoginPageTest"/>
</testsuite> <!-- com.crm.qa.testcases.LoginPageTest -->
