<?xml version="1.0" encoding="UTF-8"?>
<!-- Generated by org.testng.reporters.JUnitReportReporter -->
<testsuite skipped="0" hostname="LNAR-PF0U6F79" name="com.crm.qa.testcases.LoginPageTest" tests="4" failures="0" timestamp="2019-12-05T12:01:07 EST" time="71.948" errors="0">
  <testcase name="loginPageTitleTest" time="16.396" classname="com.crm.qa.testcases.LoginPageTest"/>
  <testcase name="helpLinkTest" time="12.243" classname="com.crm.qa.testcases.LoginPageTest"/>
  <testcase name="fragnanceLogoTest" time="15.800" classname="com.crm.qa.testcases.LoginPageTest"/>
  <testcase name="loginTest" time="27.509" classname="com.crm.qa.testcases.LoginPageTest"/>
</testsuite> <!-- com.crm.qa.testcases.LoginPageTest -->
